[19-Jun-2023 12:06:17 Australia/Sydney] sanity check
[19-Jun-2023 12:09:24 Australia/Sydney] 353
[19-Jun-2023 12:11:03 Australia/Sydney] 353
[19-Jun-2023 12:13:38 Australia/Sydney] 353
[19-Jun-2023 12:13:38 Australia/Sydney] (object) array(
   'id' => '353',
   'auth' => 'manual',
   'confirmed' => '1',
   'policyagreed' => '0',
   'deleted' => '0',
   'suspended' => '0',
   'mnethostid' => '1',
   'username' => 'mcigna',
   'password' => '$2y$10$eiQ.uVjJaFqXxMyUv68eW.D.JkUJZRfSm5ZBc7.BPU8W7YmJORlWS',
   'idnumber' => '',
   'firstname' => 'Marco',
   'lastname' => 'Cigna',
   'email' => 'marco.cigna@gses.com.au',
   'emailstop' => '0',
   'phone1' => '',
   'phone2' => '',
   'institution' => '',
   'department' => '',
   'address' => '',
   'city' => '',
   'country' => '',
   'lang' => 'en',
   'theme' => '',
   'timezone' => '99',
   'firstaccess' => '1663142217',
   'lastaccess' => '1685403625',
   'lastlogin' => '1685334080',
   'currentlogin' => '1685403625',
   'lastip' => '27.32.18.162',
   'secret' => '',
   'picture' => '0',
   'description' => '',
   'descriptionformat' => '1',
   'mailformat' => '1',
   'maildigest' => '0',
   'maildisplay' => '1',
   'autosubscribe' => '1',
   'trackforums' => '0',
   'timecreated' => '1645418064',
   'timemodified' => '1668640156',
   'trustbitmask' => '0',
   'imagealt' => '',
   'lastnamephonetic' => '',
   'firstnamephonetic' => '',
   'middlename' => '',
   'alternatename' => '',
   'moodlenetprofile' => NULL,
   'calendartype' => 'gregorian',
)
[19-Jun-2023 12:20:21 Australia/Sydney] (object) array(
   'id' => '353',
   'auth' => 'manual',
   'confirmed' => '1',
   'policyagreed' => '0',
   'deleted' => '0',
   'suspended' => '0',
   'mnethostid' => '1',
   'username' => 'mcigna',
   'password' => '$2y$10$eiQ.uVjJaFqXxMyUv68eW.D.JkUJZRfSm5ZBc7.BPU8W7YmJORlWS',
   'idnumber' => '',
   'firstname' => 'Marco',
   'lastname' => 'Cigna',
   'email' => 'marco.cigna@gses.com.au',
   'emailstop' => '0',
   'phone1' => '',
   'phone2' => '',
   'institution' => '',
   'department' => '',
   'address' => '',
   'city' => '',
   'country' => '',
   'lang' => 'en',
   'theme' => '',
   'timezone' => '99',
   'firstaccess' => '1663142217',
   'lastaccess' => '1685403625',
   'lastlogin' => '1685334080',
   'currentlogin' => '1685403625',
   'lastip' => '27.32.18.162',
   'secret' => '',
   'picture' => '0',
   'description' => '',
   'descriptionformat' => '1',
   'mailformat' => '1',
   'maildigest' => '0',
   'maildisplay' => '1',
   'autosubscribe' => '1',
   'trackforums' => '0',
   'timecreated' => '1645418064',
   'timemodified' => '1668640156',
   'trustbitmask' => '0',
   'imagealt' => '',
   'lastnamephonetic' => '',
   'firstnamephonetic' => '',
   'middlename' => '',
   'alternatename' => '',
   'moodlenetprofile' => NULL,
   'calendartype' => 'gregorian',
)
